0 info it worked if it ends with ok
1 verbose cli [ '/usr/bin/node', '/usr/bin/npm', 'install' ]
2 info using npm@3.5.2
3 info using node@v8.10.0
4 silly loadCurrentTree Starting
5 silly install loadCurrentTree
6 silly install readLocalPackageData
7 silly install normalizeTree
8 silly loadCurrentTree Finishing
9 silly loadIdealTree Starting
10 silly install loadIdealTree
11 silly cloneCurrentTree Starting
12 silly install cloneCurrentTreeToIdealTree
13 silly cloneCurrentTree Finishing
14 silly loadShrinkwrap Starting
15 silly install loadShrinkwrap
16 silly loadShrinkwrap Finishing
17 silly loadAllDepsIntoIdealTree Starting
18 silly install loadAllDepsIntoIdealTree
19 silly fetchNamedPackageData axios
20 silly mapToRegistry name axios
21 silly mapToRegistry using default registry
22 silly mapToRegistry registry https://registry.npmjs.org/
23 silly mapToRegistry uri https://registry.npmjs.org/axios
24 silly fetchNamedPackageData cors
25 silly mapToRegistry name cors
26 silly mapToRegistry using default registry
27 silly mapToRegistry registry https://registry.npmjs.org/
28 silly mapToRegistry uri https://registry.npmjs.org/cors
29 silly fetchNamedPackageData express
30 silly mapToRegistry name express
31 silly mapToRegistry using default registry
32 silly mapToRegistry registry https://registry.npmjs.org/
33 silly mapToRegistry uri https://registry.npmjs.org/express
34 silly fetchNamedPackageData mysql2
35 silly mapToRegistry name mysql2
36 silly mapToRegistry using default registry
37 silly mapToRegistry registry https://registry.npmjs.org/
38 silly mapToRegistry uri https://registry.npmjs.org/mysql2
39 silly fetchNamedPackageData sequelize
40 silly mapToRegistry name sequelize
41 silly mapToRegistry using default registry
42 silly mapToRegistry registry https://registry.npmjs.org/
43 silly mapToRegistry uri https://registry.npmjs.org/sequelize
44 silly fetchNamedPackageData yup
45 silly mapToRegistry name yup
46 silly mapToRegistry using default registry
47 silly mapToRegistry registry https://registry.npmjs.org/
48 silly mapToRegistry uri https://registry.npmjs.org/yup
49 verbose request uri https://registry.npmjs.org/cors
50 verbose request no auth needed
51 info attempt registry request try #1 at 17:36:01
52 verbose request id 8ed149ff9f13a1df
53 verbose etag W/"553482e95699c6ffdc74c6df82a2c56c"
54 verbose lastModified Wed, 27 Apr 2022 18:10:00 GMT
55 http request GET https://registry.npmjs.org/cors
56 verbose request uri https://registry.npmjs.org/axios
57 verbose request no auth needed
58 info attempt registry request try #1 at 17:36:01
59 verbose etag W/"776ba4acf7d6605142927378639a6830"
60 verbose lastModified Wed, 27 Apr 2022 12:22:36 GMT
61 http request GET https://registry.npmjs.org/axios
62 verbose request uri https://registry.npmjs.org/mysql2
63 verbose request no auth needed
64 info attempt registry request try #1 at 17:36:01
65 verbose etag W/"3bee87bea83a0eb98c119848bd42513a"
66 verbose lastModified Tue, 10 May 2022 07:17:04 GMT
67 http request GET https://registry.npmjs.org/mysql2
68 verbose request uri https://registry.npmjs.org/express
69 verbose request no auth needed
70 info attempt registry request try #1 at 17:36:01
71 verbose etag W/"91d7308ae4beecdff544c0ad835491dc"
72 verbose lastModified Sun, 01 May 2022 22:20:18 GMT
73 http request GET https://registry.npmjs.org/express
74 verbose request uri https://registry.npmjs.org/yup
75 verbose request no auth needed
76 info attempt registry request try #1 at 17:36:01
77 verbose etag W/"4196582d615e9219099e5d5aabfae3d7"
78 verbose lastModified Sun, 10 Apr 2022 22:52:41 GMT
79 http request GET https://registry.npmjs.org/yup
80 verbose request uri https://registry.npmjs.org/sequelize
81 verbose request no auth needed
82 info attempt registry request try #1 at 17:36:02
83 verbose etag W/"4af09d39acbe5576d006764df8e2350b"
84 verbose lastModified Mon, 25 Apr 2022 06:06:01 GMT
85 http request GET https://registry.npmjs.org/sequelize
86 http 304 https://registry.npmjs.org/axios
87 verbose headers { date: 'Thu, 12 May 2022 20:36:02 GMT',
87 verbose headers   connection: 'keep-alive',
87 verbose headers   'cf-ray': '70a5f1baea6a25f1-GIG',
87 verbose headers   age: '216',
87 verbose headers   'cache-control': 'public, max-age=300',
87 verbose headers   etag: '"776ba4acf7d6605142927378639a6830"',
87 verbose headers   'last-modified': 'Wed, 27 Apr 2022 12:22:36 GMT',
87 verbose headers   vary: 'Accept-Encoding',
87 verbose headers   'cf-cache-status': 'HIT',
87 verbose headers   'expect-ct': 'max-age=604800, report-uri="https://report-uri.cloudflare.com/cdn-cgi/beacon/expect-ct"',
87 verbose headers   'x-amz-replication-status': 'COMPLETED',
87 verbose headers   server: 'cloudflare' }
88 silly get cb [ 304,
88 silly get   { date: 'Thu, 12 May 2022 20:36:02 GMT',
88 silly get     connection: 'keep-alive',
88 silly get     'cf-ray': '70a5f1baea6a25f1-GIG',
88 silly get     age: '216',
88 silly get     'cache-control': 'public, max-age=300',
88 silly get     etag: '"776ba4acf7d6605142927378639a6830"',
88 silly get     'last-modified': 'Wed, 27 Apr 2022 12:22:36 GMT',
88 silly get     vary: 'Accept-Encoding',
88 silly get     'cf-cache-status': 'HIT',
88 silly get     'expect-ct': 'max-age=604800, report-uri="https://report-uri.cloudflare.com/cdn-cgi/beacon/expect-ct"',
88 silly get     'x-amz-replication-status': 'COMPLETED',
88 silly get     server: 'cloudflare' } ]
89 verbose etag https://registry.npmjs.org/axios from cache
90 verbose get saving axios to /home/jmarcelodeus/.npm/registry.npmjs.org/axios/.cache.json
91 http 304 https://registry.npmjs.org/mysql2
92 verbose headers { date: 'Thu, 12 May 2022 20:36:02 GMT',
92 verbose headers   connection: 'keep-alive',
92 verbose headers   'cf-ray': '70a5f1baef4c277a-GIG',
92 verbose headers   age: '216',
92 verbose headers   'cache-control': 'public, max-age=300',
92 verbose headers   etag: '"3bee87bea83a0eb98c119848bd42513a"',
92 verbose headers   'last-modified': 'Tue, 10 May 2022 07:17:04 GMT',
92 verbose headers   vary: 'Accept-Encoding',
92 verbose headers   'cf-cache-status': 'HIT',
92 verbose headers   'expect-ct': 'max-age=604800, report-uri="https://report-uri.cloudflare.com/cdn-cgi/beacon/expect-ct"',
92 verbose headers   'x-amz-replication-status': 'COMPLETED',
92 verbose headers   server: 'cloudflare' }
93 silly get cb [ 304,
93 silly get   { date: 'Thu, 12 May 2022 20:36:02 GMT',
93 silly get     connection: 'keep-alive',
93 silly get     'cf-ray': '70a5f1baef4c277a-GIG',
93 silly get     age: '216',
93 silly get     'cache-control': 'public, max-age=300',
93 silly get     etag: '"3bee87bea83a0eb98c119848bd42513a"',
93 silly get     'last-modified': 'Tue, 10 May 2022 07:17:04 GMT',
93 silly get     vary: 'Accept-Encoding',
93 silly get     'cf-cache-status': 'HIT',
93 silly get     'expect-ct': 'max-age=604800, report-uri="https://report-uri.cloudflare.com/cdn-cgi/beacon/expect-ct"',
93 silly get     'x-amz-replication-status': 'COMPLETED',
93 silly get     server: 'cloudflare' } ]
94 verbose etag https://registry.npmjs.org/mysql2 from cache
95 verbose get saving mysql2 to /home/jmarcelodeus/.npm/registry.npmjs.org/mysql2/.cache.json
96 http 304 https://registry.npmjs.org/express
97 verbose headers { date: 'Thu, 12 May 2022 20:36:02 GMT',
97 verbose headers   connection: 'keep-alive',
97 verbose headers   'cf-ray': '70a5f1baef44261c-GIG',
97 verbose headers   age: '100',
97 verbose headers   'cache-control': 'public, max-age=300',
97 verbose headers   etag: '"91d7308ae4beecdff544c0ad835491dc"',
97 verbose headers   'last-modified': 'Sun, 01 May 2022 22:20:18 GMT',
97 verbose headers   vary: 'Accept-Encoding',
97 verbose headers   'cf-cache-status': 'HIT',
97 verbose headers   'expect-ct': 'max-age=604800, report-uri="https://report-uri.cloudflare.com/cdn-cgi/beacon/expect-ct"',
97 verbose headers   'x-amz-replication-status': 'COMPLETED',
97 verbose headers   server: 'cloudflare' }
98 silly get cb [ 304,
98 silly get   { date: 'Thu, 12 May 2022 20:36:02 GMT',
98 silly get     connection: 'keep-alive',
98 silly get     'cf-ray': '70a5f1baef44261c-GIG',
98 silly get     age: '100',
98 silly get     'cache-control': 'public, max-age=300',
98 silly get     etag: '"91d7308ae4beecdff544c0ad835491dc"',
98 silly get     'last-modified': 'Sun, 01 May 2022 22:20:18 GMT',
98 silly get     vary: 'Accept-Encoding',
98 silly get     'cf-cache-status': 'HIT',
98 silly get     'expect-ct': 'max-age=604800, report-uri="https://report-uri.cloudflare.com/cdn-cgi/beacon/expect-ct"',
98 silly get     'x-amz-replication-status': 'COMPLETED',
98 silly get     server: 'cloudflare' } ]
99 verbose etag https://registry.npmjs.org/express from cache
100 verbose get saving express to /home/jmarcelodeus/.npm/registry.npmjs.org/express/.cache.json
101 http 304 https://registry.npmjs.org/sequelize
102 verbose headers { date: 'Thu, 12 May 2022 20:36:02 GMT',
102 verbose headers   connection: 'keep-alive',
102 verbose headers   'cf-ray': '70a5f1bb4b4e258c-GIG',
102 verbose headers   age: '217',
102 verbose headers   'cache-control': 'public, max-age=300',
102 verbose headers   etag: '"4af09d39acbe5576d006764df8e2350b"',
102 verbose headers   'last-modified': 'Mon, 25 Apr 2022 06:06:01 GMT',
102 verbose headers   vary: 'Accept-Encoding',
102 verbose headers   'cf-cache-status': 'HIT',
102 verbose headers   'expect-ct': 'max-age=604800, report-uri="https://report-uri.cloudflare.com/cdn-cgi/beacon/expect-ct"',
102 verbose headers   'x-amz-replication-status': 'COMPLETED',
102 verbose headers   server: 'cloudflare' }
103 silly get cb [ 304,
103 silly get   { date: 'Thu, 12 May 2022 20:36:02 GMT',
103 silly get     connection: 'keep-alive',
103 silly get     'cf-ray': '70a5f1bb4b4e258c-GIG',
103 silly get     age: '217',
103 silly get     'cache-control': 'public, max-age=300',
103 silly get     etag: '"4af09d39acbe5576d006764df8e2350b"',
103 silly get     'last-modified': 'Mon, 25 Apr 2022 06:06:01 GMT',
103 silly get     vary: 'Accept-Encoding',
103 silly get     'cf-cache-status': 'HIT',
103 silly get     'expect-ct': 'max-age=604800, report-uri="https://report-uri.cloudflare.com/cdn-cgi/beacon/expect-ct"',
103 silly get     'x-amz-replication-status': 'COMPLETED',
103 silly get     server: 'cloudflare' } ]
104 verbose etag https://registry.npmjs.org/sequelize from cache
105 verbose get saving sequelize to /home/jmarcelodeus/.npm/registry.npmjs.org/sequelize/.cache.json
106 http 304 https://registry.npmjs.org/cors
107 verbose headers { date: 'Thu, 12 May 2022 20:36:02 GMT',
107 verbose headers   connection: 'keep-alive',
107 verbose headers   'cf-ray': '70a5f1baebbe25ae-GIG',
107 verbose headers   'cache-control': 'public, max-age=300',
107 verbose headers   etag: '"553482e95699c6ffdc74c6df82a2c56c"',
107 verbose headers   'last-modified': 'Wed, 27 Apr 2022 18:10:00 GMT',
107 verbose headers   vary: 'Accept-Encoding',
107 verbose headers   'cf-cache-status': 'REVALIDATED',
107 verbose headers   'expect-ct': 'max-age=604800, report-uri="https://report-uri.cloudflare.com/cdn-cgi/beacon/expect-ct"',
107 verbose headers   'x-amz-replication-status': 'COMPLETED',
107 verbose headers   server: 'cloudflare' }
108 silly get cb [ 304,
108 silly get   { date: 'Thu, 12 May 2022 20:36:02 GMT',
108 silly get     connection: 'keep-alive',
108 silly get     'cf-ray': '70a5f1baebbe25ae-GIG',
108 silly get     'cache-control': 'public, max-age=300',
108 silly get     etag: '"553482e95699c6ffdc74c6df82a2c56c"',
108 silly get     'last-modified': 'Wed, 27 Apr 2022 18:10:00 GMT',
108 silly get     vary: 'Accept-Encoding',
108 silly get     'cf-cache-status': 'REVALIDATED',
108 silly get     'expect-ct': 'max-age=604800, report-uri="https://report-uri.cloudflare.com/cdn-cgi/beacon/expect-ct"',
108 silly get     'x-amz-replication-status': 'COMPLETED',
108 silly get     server: 'cloudflare' } ]
109 verbose etag https://registry.npmjs.org/cors from cache
110 verbose get saving cors to /home/jmarcelodeus/.npm/registry.npmjs.org/cors/.cache.json
111 silly resolveWithNewModule mysql2@2.3.3 checking installable status
112 silly cache add args [ 'mysql2@^2.3.3', null ]
113 verbose cache add spec mysql2@^2.3.3
114 silly cache add parsed spec Result {
114 silly cache add   raw: 'mysql2@^2.3.3',
114 silly cache add   scope: null,
114 silly cache add   name: 'mysql2',
114 silly cache add   rawSpec: '^2.3.3',
114 silly cache add   spec: '>=2.3.3 <3.0.0',
114 silly cache add   type: 'range' }
115 silly addNamed mysql2@>=2.3.3 <3.0.0
116 verbose addNamed ">=2.3.3 <3.0.0" is a valid semver range for mysql2
117 silly addNameRange { name: 'mysql2', range: '>=2.3.3 <3.0.0', hasData: false }
118 silly mapToRegistry name mysql2
119 silly mapToRegistry using default registry
120 silly mapToRegistry registry https://registry.npmjs.org/
121 silly mapToRegistry uri https://registry.npmjs.org/mysql2
122 verbose addNameRange registry:https://registry.npmjs.org/mysql2 not in flight; fetching
123 silly resolveWithNewModule express@4.18.1 checking installable status
124 silly cache add args [ 'express@^4.17.3', null ]
125 verbose cache add spec express@^4.17.3
126 silly cache add parsed spec Result {
126 silly cache add   raw: 'express@^4.17.3',
126 silly cache add   scope: null,
126 silly cache add   name: 'express',
126 silly cache add   rawSpec: '^4.17.3',
126 silly cache add   spec: '>=4.17.3 <5.0.0',
126 silly cache add   type: 'range' }
127 silly addNamed express@>=4.17.3 <5.0.0
128 verbose addNamed ">=4.17.3 <5.0.0" is a valid semver range for express
129 silly addNameRange { name: 'express', range: '>=4.17.3 <5.0.0', hasData: false }
130 silly mapToRegistry name express
131 silly mapToRegistry using default registry
132 silly mapToRegistry registry https://registry.npmjs.org/
133 silly mapToRegistry uri https://registry.npmjs.org/express
134 verbose addNameRange registry:https://registry.npmjs.org/express not in flight; fetching
135 silly resolveWithNewModule axios@0.26.1 checking installable status
136 silly cache add args [ 'axios@^0.26.0', null ]
137 verbose cache add spec axios@^0.26.0
138 silly cache add parsed spec Result {
138 silly cache add   raw: 'axios@^0.26.0',
138 silly cache add   scope: null,
138 silly cache add   name: 'axios',
138 silly cache add   rawSpec: '^0.26.0',
138 silly cache add   spec: '>=0.26.0 <0.27.0',
138 silly cache add   type: 'range' }
139 silly addNamed axios@>=0.26.0 <0.27.0
140 verbose addNamed ">=0.26.0 <0.27.0" is a valid semver range for axios
141 silly addNameRange { name: 'axios', range: '>=0.26.0 <0.27.0', hasData: false }
142 silly mapToRegistry name axios
143 silly mapToRegistry using default registry
144 silly mapToRegistry registry https://registry.npmjs.org/
145 silly mapToRegistry uri https://registry.npmjs.org/axios
146 verbose addNameRange registry:https://registry.npmjs.org/axios not in flight; fetching
147 verbose stack Error: Missing required argument #1
147 verbose stack     at andLogAndFinish (/usr/share/npm/lib/fetch-package-metadata.js:31:3)
147 verbose stack     at fetchPackageMetadata (/usr/share/npm/lib/fetch-package-metadata.js:51:22)
147 verbose stack     at resolveWithNewModule (/usr/share/npm/lib/install/deps.js:456:12)
147 verbose stack     at /usr/share/npm/lib/install/deps.js:457:7
147 verbose stack     at /usr/share/npm/node_modules/iferr/index.js:13:50
147 verbose stack     at /usr/share/npm/lib/fetch-package-metadata.js:37:12
147 verbose stack     at addRequestedAndFinish (/usr/share/npm/lib/fetch-package-metadata.js:82:5)
147 verbose stack     at returnAndAddMetadata (/usr/share/npm/lib/fetch-package-metadata.js:117:7)
147 verbose stack     at pickVersionFromRegistryDocument (/usr/share/npm/lib/fetch-package-metadata.js:134:20)
147 verbose stack     at /usr/share/npm/node_modules/iferr/index.js:13:50
148 verbose cwd /home/jmarcelodeus/Marcelo/Development/central.invenctory/server
149 error Linux 5.4.0-110-generic
150 error argv "/usr/bin/node" "/usr/bin/npm" "install"
151 error node v8.10.0
152 error npm  v3.5.2
153 error code EMISSINGARG
154 error typeerror Error: Missing required argument #1
154 error typeerror     at andLogAndFinish (/usr/share/npm/lib/fetch-package-metadata.js:31:3)
154 error typeerror     at fetchPackageMetadata (/usr/share/npm/lib/fetch-package-metadata.js:51:22)
154 error typeerror     at resolveWithNewModule (/usr/share/npm/lib/install/deps.js:456:12)
154 error typeerror     at /usr/share/npm/lib/install/deps.js:457:7
154 error typeerror     at /usr/share/npm/node_modules/iferr/index.js:13:50
154 error typeerror     at /usr/share/npm/lib/fetch-package-metadata.js:37:12
154 error typeerror     at addRequestedAndFinish (/usr/share/npm/lib/fetch-package-metadata.js:82:5)
154 error typeerror     at returnAndAddMetadata (/usr/share/npm/lib/fetch-package-metadata.js:117:7)
154 error typeerror     at pickVersionFromRegistryDocument (/usr/share/npm/lib/fetch-package-metadata.js:134:20)
154 error typeerror     at /usr/share/npm/node_modules/iferr/index.js:13:50
155 error typeerror This is an error with npm itself. Please report this error at:
155 error typeerror     <http://github.com/npm/npm/issues>
156 verbose exit [ 1, true ]
